Build started 11/05/2016 16:00:24.
     1>Project "C:\Users\dave\Documents\Visual Studio 2013\Projects\SimplePerceptron - Copy\SimplePerceptron\SimplePerceptron.vcxproj" on node 2 (Build target(s)).
     1>C:\Program Files (x86)\MSBuild\Microsoft.Cpp\v4.0\V120\Microsoft.CppBuild.targets(388,5): warning MSB8028: The intermediate directory (Debug\) contains files shared from another project (SimplePerceptron.vcxproj).  This can lead to incorrect clean and rebuild behavior.
     1>ClCompile:
         C:\Program Files (x86)\Microsoft Visual Studio 12.0\VC\bin\CL.exe /c /I"C:\freetype-2.5.5\include" /ZI /nologo /W3 /WX- /sdl /Od /Oy- /D WIN32 /D _DEBUG /D _CONSOLE /D _LIB /D _UNICODE /D UNICODE /Gm /EHsc /RTC1 /MDd /GS /fp:precise /Zc:wchar_t /Zc:forScope /Yc"stdafx.h" /Fp"Debug\GeneticProgramming.pch" /Fo"Debug\\" /Fd"Debug\vc120.pdb" /Gd /TP /analyze- /errorReport:prompt stdafx.cpp
         stdafx.cpp
         C:\Program Files (x86)\Microsoft Visual Studio 12.0\VC\bin\CL.exe /c /I"C:\freetype-2.5.5\include" /ZI /nologo /W3 /WX- /sdl /Od /Oy- /D WIN32 /D _DEBUG /D _CONSOLE /D _LIB /D _UNICODE /D UNICODE /Gm /EHsc /RTC1 /MDd /GS /fp:precise /Zc:wchar_t /Zc:forScope /Yu"stdafx.h" /Fp"Debug\GeneticProgramming.pch" /Fo"Debug\\" /Fd"Debug\vc120.pdb" /Gd /TP /analyze- /errorReport:prompt GPmain.cpp
         GPmain.cpp
     1>c:\users\dave\documents\visual studio 2013\projects\simpleperceptron - copy\simpleperceptron\utils.h(39): warning C4005: 'FT_FREETYPE_H' : macro redefinition
                 c:\freetype-2.5.5\include\config\ftheader.h(173) : see previous definition of 'FT_FREETYPE_H'
     1>c:\users\dave\documents\visual studio 2013\projects\simpleperceptron - copy\simpleperceptron\utils.h(207): warning C4800: 'int' : forcing value to bool 'true' or 'false' (performance warning)
     1>c:\users\dave\documents\visual studio 2013\projects\simpleperceptron - copy\simpleperceptron\utils.h(299): warning C4800: 'int' : forcing value to bool 'true' or 'false' (performance warning)
     1>c:\users\dave\documents\visual studio 2013\projects\simpleperceptron - copy\simpleperceptron\utils.h(382): warning C4800: 'int' : forcing value to bool 'true' or 'false' (performance warning)
     1>c:\users\dave\documents\visual studio 2013\projects\simpleperceptron - copy\simpleperceptron\simplega.h(150): warning C4018: '<' : signed/unsigned mismatch
     1>c:\users\dave\documents\visual studio 2013\projects\simpleperceptron - copy\simpleperceptron\simplega.h(170): warning C4018: '<' : signed/unsigned mismatch
     1>c:\users\dave\documents\visual studio 2013\projects\simpleperceptron - copy\simpleperceptron\simplega.h(191): warning C4018: '<' : signed/unsigned mismatch
     1>c:\users\dave\documents\visual studio 2013\projects\simpleperceptron - copy\simpleperceptron\simplega.h(194): warning C4018: '<' : signed/unsigned mismatch
     1>c:\users\dave\documents\visual studio 2013\projects\simpleperceptron - copy\simpleperceptron\simplega.h(211): warning C4018: '<' : signed/unsigned mismatch
     1>c:\users\dave\documents\visual studio 2013\projects\simpleperceptron - copy\simpleperceptron\simplega.h(246): warning C4018: '<' : signed/unsigned mismatch
     1>c:\users\dave\documents\visual studio 2013\projects\simpleperceptron - copy\simpleperceptron\simplega.h(273): warning C4018: '<' : signed/unsigned mismatch
     1>c:\users\dave\documents\visual studio 2013\projects\simpleperceptron - copy\simpleperceptron\simplega.h(284): warning C4018: '<=' : signed/unsigned mismatch
     1>c:\users\dave\documents\visual studio 2013\projects\simpleperceptron - copy\simpleperceptron\simplega.h(303): warning C4018: '<' : signed/unsigned mismatch
     1>c:\users\dave\documents\visual studio 2013\projects\simpleperceptron - copy\simpleperceptron\stringutils.h(137): warning C4018: '<' : signed/unsigned mismatch
     1>c:\users\dave\documents\visual studio 2013\projects\simpleperceptron - copy\simpleperceptron\stringutils.h(152): warning C4018: '<' : signed/unsigned mismatch
     1>c:\users\dave\documents\visual studio 2013\projects\simpleperceptron - copy\simpleperceptron\stringutils.h(157): warning C4018: '>=' : signed/unsigned mismatch
     1>c:\users\dave\documents\visual studio 2013\projects\simpleperceptron - copy\simpleperceptron\stringutils.h(161): warning C4018: '>=' : signed/unsigned mismatch
     1>c:\users\dave\documents\visual studio 2013\projects\simpleperceptron - copy\simpleperceptron\stringutils.h(229): warning C4018: '<' : signed/unsigned mismatch
     1>c:\users\dave\documents\visual studio 2013\projects\simpleperceptron - copy\simpleperceptron\ast.h(201): warning C4018: '<' : signed/unsigned mismatch
     1>c:\users\dave\documents\visual studio 2013\projects\simpleperceptron - copy\simpleperceptron\ast.h(210): warning C4018: '<' : signed/unsigned mismatch
     1>c:\users\dave\documents\visual studio 2013\projects\simpleperceptron - copy\simpleperceptron\ast.h(220): warning C4018: '<' : signed/unsigned mismatch
     1>c:\users\dave\documents\visual studio 2013\projects\simpleperceptron - copy\simpleperceptron\ast.h(230): warning C4018: '<' : signed/unsigned mismatch
     1>c:\users\dave\documents\visual studio 2013\projects\simpleperceptron - copy\simpleperceptron\ast.h(241): warning C4018: '<' : signed/unsigned mismatch
     1>c:\users\dave\documents\visual studio 2013\projects\simpleperceptron - copy\simpleperceptron\ast.h(251): warning C4018: '<' : signed/unsigned mismatch
     1>c:\users\dave\documents\visual studio 2013\projects\simpleperceptron - copy\simpleperceptron\ast.h(289): warning C4018: '<' : signed/unsigned mismatch
     1>c:\users\dave\documents\visual studio 2013\projects\simpleperceptron - copy\simpleperceptron\ast.h(511): warning C4018: '<' : signed/unsigned mismatch
     1>c:\users\dave\documents\visual studio 2013\projects\simpleperceptron - copy\simpleperceptron\ast.h(535): warning C4018: '<' : signed/unsigned mismatch
     1>c:\users\dave\documents\visual studio 2013\projects\simpleperceptron - copy\simpleperceptron\ast.h(553): warning C4018: '<' : signed/unsigned mismatch
     1>c:\users\dave\documents\visual studio 2013\projects\simpleperceptron - copy\simpleperceptron\ast.h(570): warning C4018: '<' : signed/unsigned mismatch
     1>c:\users\dave\documents\visual studio 2013\projects\simpleperceptron - copy\simpleperceptron\ast.h(588): warning C4018: '<' : signed/unsigned mismatch
     1>c:\users\dave\documents\visual studio 2013\projects\simpleperceptron - copy\simpleperceptron\simplescript.h(113): warning C4018: '<' : signed/unsigned mismatch
     1>c:\users\dave\documents\visual studio 2013\projects\simpleperceptron - copy\simpleperceptron\simplescript.h(316): warning C4018: '<' : signed/unsigned mismatch
     1>c:\users\dave\documents\visual studio 2013\projects\simpleperceptron - copy\simpleperceptron\simplescript.h(332): warning C4018: '<' : signed/unsigned mismatch
     1>c:\users\dave\documents\visual studio 2013\projects\simpleperceptron - copy\simpleperceptron\simplescript.h(345): warning C4018: '<' : signed/unsigned mismatch
     1>c:\users\dave\documents\visual studio 2013\projects\simpleperceptron - copy\simpleperceptron\simplescript.h(363): warning C4018: '<=' : signed/unsigned mismatch
     1>c:\users\dave\documents\visual studio 2013\projects\simpleperceptron - copy\simpleperceptron\simplescript.h(395): warning C4018: '<' : signed/unsigned mismatch
     1>c:\users\dave\documents\visual studio 2013\projects\simpleperceptron - copy\simpleperceptron\simplescript.h(711): warning C4018: '<' : signed/unsigned mismatch
     1>c:\users\dave\documents\visual studio 2013\projects\simpleperceptron - copy\simpleperceptron\simplescript.h(736): warning C4018: '<' : signed/unsigned mismatch
     1>c:\users\dave\documents\visual studio 2013\projects\simpleperceptron - copy\simpleperceptron\simplescript.h(800): warning C4018: '<' : signed/unsigned mismatch
     1>c:\users\dave\documents\visual studio 2013\projects\simpleperceptron - copy\simpleperceptron\gpmain.cpp(325): warning C4018: '<' : signed/unsigned mismatch
     1>c:\users\dave\documents\visual studio 2013\projects\simpleperceptron - copy\simpleperceptron\gpmain.cpp(328): warning C4056: overflow in floating-point constant arithmetic
     1>c:\users\dave\documents\visual studio 2013\projects\simpleperceptron - copy\simpleperceptron\gpmain.cpp(344): warning C4018: '<' : signed/unsigned mismatch
     1>c:\users\dave\documents\visual studio 2013\projects\simpleperceptron - copy\simpleperceptron\gpmain.cpp(365): warning C4056: overflow in floating-point constant arithmetic
     1>c:\users\dave\documents\visual studio 2013\projects\simpleperceptron - copy\simpleperceptron\gpmain.cpp(393): warning C4018: '<' : signed/unsigned mismatch
     1>c:\users\dave\documents\visual studio 2013\projects\simpleperceptron - copy\simpleperceptron\gpmain.cpp(395): warning C4018: '<' : signed/unsigned mismatch
     1>c:\users\dave\documents\visual studio 2013\projects\simpleperceptron - copy\simpleperceptron\gpmain.cpp(446): warning C4018: '<' : signed/unsigned mismatch
     1>c:\users\dave\documents\visual studio 2013\projects\simpleperceptron - copy\simpleperceptron\gpmain.cpp(453): warning C4018: '<' : signed/unsigned mismatch
     1>c:\users\dave\documents\visual studio 2013\projects\simpleperceptron - copy\simpleperceptron\gpmain.cpp(520): warning C4018: '<' : signed/unsigned mismatch
     1>c:\users\dave\documents\visual studio 2013\projects\simpleperceptron - copy\simpleperceptron\gpmain.cpp(541): warning C4018: '<' : signed/unsigned mismatch
     1>c:\users\dave\documents\visual studio 2013\projects\simpleperceptron - copy\simpleperceptron\gpmain.cpp(784): warning C4018: '<' : signed/unsigned mismatch
     1>c:\users\dave\documents\visual studio 2013\projects\simpleperceptron - copy\simpleperceptron\gpmain.cpp(802): warning C4018: '<' : signed/unsigned mismatch
     1>c:\users\dave\documents\visual studio 2013\projects\simpleperceptron - copy\simpleperceptron\gpmain.cpp(819): warning C4018: '<' : signed/unsigned mismatch
     1>c:\users\dave\documents\visual studio 2013\projects\simpleperceptron - copy\simpleperceptron\stringutils.h(30): warning C4018: '<' : signed/unsigned mismatch
                 c:\users\dave\documents\visual studio 2013\projects\simpleperceptron - copy\simpleperceptron\stringutils.h(29) : while compiling class template member function 'VariableMultiListNode<T,Y> &VariableSizedMultiList<T,Y>::operator [](T)'
                 with
                 [
                     T=std::string
         ,            Y=std::string
                 ]
                 c:\users\dave\documents\visual studio 2013\projects\simpleperceptron - copy\simpleperceptron\gpmain.cpp(736) : see reference to function template instantiation 'VariableMultiListNode<T,Y> &VariableSizedMultiList<T,Y>::operator [](T)' being compiled
                 with
                 [
                     T=std::string
         ,            Y=std::string
                 ]
                 c:\users\dave\documents\visual studio 2013\projects\simpleperceptron - copy\simpleperceptron\simplescript.h(41) : see reference to class template instantiation 'VariableSizedMultiList<std::string,std::string>' being compiled
     1>c:\users\dave\documents\visual studio 2013\projects\simpleperceptron - copy\simpleperceptron\stringutils.h(42): warning C4018: '<' : signed/unsigned mismatch
                 c:\users\dave\documents\visual studio 2013\projects\simpleperceptron - copy\simpleperceptron\stringutils.h(41) : while compiling class template member function 'int VariableSizedMultiList<std::string,std::string>::Insert(T,Y)'
                 with
                 [
                     T=std::string
         ,            Y=std::string
                 ]
                 c:\users\dave\documents\visual studio 2013\projects\simpleperceptron - copy\simpleperceptron\simplescript.h(254) : see reference to function template instantiation 'int VariableSizedMultiList<std::string,std::string>::Insert(T,Y)' being compiled
                 with
                 [
                     T=std::string
         ,            Y=std::string
                 ]
     1>c:\users\dave\documents\visual studio 2013\projects\simpleperceptron - copy\simpleperceptron\stringutils.h(64): warning C4018: '<' : signed/unsigned mismatch
                 c:\users\dave\documents\visual studio 2013\projects\simpleperceptron - copy\simpleperceptron\stringutils.h(63) : while compiling class template member function 'int VariableSizedMultiList<std::string,std::string>::FindKey(T)'
                 with
                 [
                     T=std::string
                 ]
                 c:\users\dave\documents\visual studio 2013\projects\simpleperceptron - copy\simpleperceptron\simplescript.h(259) : see reference to function template instantiation 'int VariableSizedMultiList<std::string,std::string>::FindKey(T)' being compiled
                 with
                 [
                     T=std::string
                 ]
     1>c:\users\dave\documents\visual studio 2013\projects\simpleperceptron - copy\simpleperceptron\ast.h(163): warning C4715: 'SQRTNode::value' : not all control paths return a value
       Link:
         C:\Program Files (x86)\Microsoft Visual Studio 12.0\VC\bin\link.exe /ERRORREPORT:PROMPT /OUT:"C:\Users\dave\Documents\Visual Studio 2013\Projects\SimplePerceptron - Copy\Debug\GeneticProgramming.exe" /INCREMENTAL /NOLOGO /LIBPATH:"C:\ftgl-2.1.3\msvc\Build" /LIBPATH:"C:\freetype-2.5.5\objs\vc2010\Win32" freetype255d.lib ftgl_static_D.lib glew32.lib glut32.lib opengl32.lib kernel32.lib user32.lib gdi32.lib winspool.lib comdlg32.lib advapi32.lib shell32.lib ole32.lib oleaut32.lib uuid.lib odbc32.lib odbccp32.lib kernel32.lib user32.lib gdi32.lib winspool.lib comdlg32.lib advapi32.lib shell32.lib ole32.lib oleaut32.lib uuid.lib odbc32.lib odbccp32.lib /MANIFEST /MANIFESTUAC:"level='asInvoker' uiAccess='false'" /manifest:embed /DEBUG /PDB:"C:\Users\dave\Documents\Visual Studio 2013\Projects\SimplePerceptron - Copy\Debug\GeneticProgramming.pdb" /SUBSYSTEM:CONSOLE /TLBID:1 /DYNAMICBASE /NXCOMPAT /IMPLIB:"C:\Users\dave\Documents\Visual Studio 2013\Projects\SimplePerceptron - Copy\Debug\GeneticProgramming.lib" /MACHINE:X86 Debug\GPmain.obj
         Debug\stdafx.obj
         SimplePerceptron.vcxproj -> C:\Users\dave\Documents\Visual Studio 2013\Projects\SimplePerceptron - Copy\Debug\GeneticProgramming.exe
     1>Done Building Project "C:\Users\dave\Documents\Visual Studio 2013\Projects\SimplePerceptron - Copy\SimplePerceptron\SimplePerceptron.vcxproj" (Build target(s)).

Build succeeded.

Time Elapsed 00:00:05.05
